<?xml version="1.0" encoding="UTF-8"?>
<!-- Generated by org.testng.reporters.JUnitXMLReporter -->
<testsuite ignored="0" hostname="administrator-Lenovo-E41-55" failures="0" tests="6" name="Test" time="42.12" errors="0" timestamp="2023-07-15T15:19:44 IST">
  <testcase classname="com.crm.qa.testcases.HomePageTest" name="verifyHomePageTitleTest" time="0.024"/>
  <testcase classname="com.crm.qa.testcases.HomePageTest" name="verifyUserNameTest" time="2.153"/>
  <testcase classname="com.crm.qa.testcases.HomePageTest" name="verifyContactsLinkTest" time="2.17"/>
  <testcase classname="com.crm.qa.testcases.LoginPageTest" name="loginPageTitleTest" time="0.012"/>
  <testcase classname="com.crm.qa.testcases.LoginPageTest" name="signupwithgoogleImage" time="0.046"/>
  <testcase classname="com.crm.qa.testcases.LoginPageTest" name="loginTest" time="0.339"/>
</testsuite> <!-- Test -->
