<?xml version="1.0" encoding="UTF-8"?>
<!-- Generated by org.testng.reporters.JUnitXMLReporter -->
<testsuite ignored="0" hostname="administrator-Lenovo-E41-55" failures="1" tests="2" name="Test" time="5.504" errors="0" timestamp="2023-05-10T12:14:31 IST">
  <testcase classname="TestClass_Pkg.MyFirstTestCase" name="T" time="1.009"/>
  <testcase classname="TestClass_Pkg.MyFirstTestCase" name="T" time="1.024">
    <failure type="java.lang.NullPointerException" message="Cannot invoke &amp;quot;com.aventstack.extentreports.ExtentTest.log(com.aventstack.extentreports.Status, String)&amp;quot; because the return value of &amp;quot;java.lang.ThreadLocal.get()&amp;quot; is null">
      <![CDATA[java.lang.NullPointerException: Cannot invoke "com.aventstack.extentreports.ExtentTest.log(com.aventstack.extentreports.Status, String)" because the return value of "java.lang.ThreadLocal.get()" is null
at Utility_Pkg.Listeners.onTestSuccess(Listeners.java:24)
at java.base/java.util.ArrayList.forEach(ArrayList.java:1511)
... Removed 24 stack frames]]>
    </failure>
  </testcase> <!-- T -->
</testsuite> <!-- Test -->
