<?xml version="1.0" encoding="UTF-8"?>
<testng-results ignored="0" total="1" passed="1" failed="0" skipped="0">
  <reporter-output>
  </reporter-output>
  <suite started-at="2024-01-05T10:18:42 IST" name="Default suite" finished-at="2024-01-05T10:18:54 IST" duration-ms="12169">
    <groups>
    </groups>
    <test started-at="2024-01-05T10:18:42 IST" name="Default test" finished-at="2024-01-05T10:18:54 IST" duration-ms="12169">
      <class name="Assessment.Assessment_3">
        <test-method signature="purchase_ticket()[pri:0, instance:Assessment.Assessment_3@273e7444]" started-at="2024-01-05T10:18:42 IST" name="purchase_ticket" finished-at="2024-01-05T10:18:54 IST" duration-ms="12057" status="PASS">
          <reporter-output>
          </reporter-output>
        </test-method> <!-- purchase_ticket -->
      </class> <!-- Assessment.Assessment_3 -->
    </test> <!-- Default test -->
  </suite> <!-- Default suite -->
</testng-results>
